[Message:   BepInEx] BepInEx 5.4.21.0 - Lethal Company (11.12.2023 23:43:07)
[Info   :   BepInEx] Running under Unity v2022.3.9.15351836
[Info   :   BepInEx] CLR runtime version: 4.0.30319.42000
[Info   :   BepInEx] Supports SRE: True
[Info   :   BepInEx] System platform: Bits64, Windows
[Message:   BepInEx] Preloader started
[Info   :   BepInEx] Loaded 1 patcher method from [BepInEx.Preloader 5.4.21.0]
[Info   :   BepInEx] Loaded 1 patcher method from [BepInEx.MonoMod.HookGenPatcher 1.2.1.0]
[Info   :   BepInEx] 2 patcher plugins loaded
[Info   :HookGenPatcher] Previous MMHOOK location found. Using that location to save instead.
[Info   :HookGenPatcher] Already ran for this version, reusing that file.
[Info   :HookGenPatcher] Previous MMHOOK location found. Using that location to save instead.
[Info   :HookGenPatcher] Already ran for this version, reusing that file.
[Info   :HookGenPatcher] Previous MMHOOK location found. Using that location to save instead.
[Info   :HookGenPatcher] Already ran for this version, reusing that file.
[Info   :HookGenPatcher] Previous MMHOOK location found. Using that location to save instead.
[Info   :HookGenPatcher] Already ran for this version, reusing that file.
[Info   :HookGenPatcher] Previous MMHOOK location found. Using that location to save instead.
[Info   :HookGenPatcher] Already ran for this version, reusing that file.
[Info   :HookGenPatcher] Previous MMHOOK location found. Using that location to save instead.
[Info   :HookGenPatcher] Already ran for this version, reusing that file.
[Info   :   BepInEx] Patching [UnityEngine.CoreModule] with [BepInEx.Chainloader]
[Message:   BepInEx] Preloader finished
[Message:   BepInEx] Chainloader ready
[Message:   BepInEx] Chainloader started
[Info   :   BepInEx] 15 plugins to load
[Warning:   BepInEx] Plugin [AdditionalSuits 1.1.1] targets a wrong version of BepInEx (5.4.22.0) and might not work until you update
[Warning:   BepInEx] Plugin [HDLethalCompany-Sligili 1.5.6] targets a wrong version of BepInEx (5.4.22.0) and might not work until you update
[Warning:   BepInEx] Plugin [MoreEmotes-Sligili 1.2.2] targets a wrong version of BepInEx (5.4.22.0) and might not work until you update
[Info   :   BepInEx] Loading [AdditionalSuits 1.1.1]
[Info   :ACS.AdditionalSuits] AdditionalSuits - initializing...
[Info   :ACS.AdditionalSuits] AdditionalSuits - initialized!
[Info   :   BepInEx] Loading [ShipLoot 1.0]
[Info   :   BepInEx] Loading [LethalLib 0.6.2]
[Info   : LethalLib] LethalLib loaded!!
[Info   :   BepInEx] Loading [LethalThings 0.7.1]
[Info   :LethalThings] Loaded asset bundle
[Info   :LethalThings] Registering shop item RocketLauncher with price 260
[Info   :LethalThings] Registering shop item ToyHammer with price 80
[Info   :LethalThings] Registering shop item RemoteRadar with price 240
[Info   :LethalThings] Registering shop item PouchyBelt with price 290
[Info   :LethalThings] Registering shop item HackingTool with price 190
[Info   :LethalThings] Custom content loaded!
[Info   :LethalThings] LethalThings loaded guh
[Info   :   BepInEx] Loading [ReservedItemSlotCore 1.4.4]
[Info   :ReservedItemSlotCore] BindingConfigs
[Info   :ReservedItemSlotCore] ReservedItemSlotCore loaded
[Info   :   BepInEx] Loading [ReservedFlashlightSlot 1.4.5]
[Info   :ReservedFlashlightSlot] BindingConfigs
[Info   :ReservedFlashlightSlot] ReservedFlashlightSlot loaded
[Info   :   BepInEx] Loading [ReservedWalkieSlot 1.4.6]
[Info   :ReservedWalkieSlot] BindingConfigs
[Info   :ReservedWalkieSlot] ReservedWalkieSlot loaded
[Info   :   BepInEx] Loading [HDLethalCompany-Sligili 1.5.6]
[Info   :HDLethalCompany-Sligili] HDLethalCompany loaded
[Info   :   BepInEx] Loading [LC_API 2.1.4]
[Warning:    LC_API] 
.____    _________           _____  __________ .___  
|    |   \_   ___ \         /  _  \ \______   \|   | 
|    |   /    \  \/        /  /_\  \ |     ___/|   | 
|    |___\     \____      /    |    \|    |    |   | 
|_______ \\______  /______\____|__  /|____|    |___| 
        \/       \//_____/        \/                 
                                                     
[Info   :    LC_API] LC_API Starting up..
[Info   :   BepInEx] Loading [MoreCompany 1.7.2]
[Info   :MoreCompany] Loading MoreCompany...
[Info   :MoreCompany] Checking: X:\Lethal Company\BepInEx\plugins/MoreCompanyCosmetics
[Info   :MoreCompany] Read settings and cosmetics
[Info   :MoreCompany] Loaded cosmetic: builtin.3dglasses from bundle
[Info   :MoreCompany] Loaded cosmetic: builtin.bunnyears from bundle
[Info   :MoreCompany] Loaded cosmetic: builtin.denimhat from bundle
[Info   :MoreCompany] Loaded cosmetic: builtin.fancyglasses from bundle
[Info   :MoreCompany] Loaded cosmetic: builtin.partyglasses from bundle
[Info   :MoreCompany] Loaded cosmetic: builtin.gunholster from bundle
[Info   :MoreCompany] Loaded cosmetic: builtin.hardhat from bundle
[Info   :MoreCompany] Loaded cosmetic: builtin.jesterhat from bundle
[Info   :MoreCompany] Loaded cosmetic: builtin.kittyears from bundle
[Info   :MoreCompany] Loaded cosmetic: builtin.mimemask from bundle
[Info   :MoreCompany] Loaded cosmetic: builtin.fancypants from bundle
[Info   :MoreCompany] Loaded cosmetic: builtin.outoforder from bundle
[Info   :MoreCompany] Loaded cosmetic: builtin.partyhat from bundle
[Info   :MoreCompany] Loaded cosmetic: builtin.plaguemask from bundle
[Info   :MoreCompany] Loaded cosmetic: builtin.propellerhat from bundle
[Info   :MoreCompany] Loaded cosmetic: builtin.eyeballs from bundle
[Info   :MoreCompany] Loaded cosmetic: builtin.rudolph from bundle
[Info   :MoreCompany] Loaded cosmetic: builtin.santahat from bundle
[Info   :MoreCompany] Loaded cosmetic: builtin.slimething from bundle
[Info   :MoreCompany] Loaded cosmetic: builtin.tophat from bundle
[Info   :MoreCompany] Loaded cosmetic: builtin.watch from bundle
[Info   :MoreCompany] Loading USER COSMETICS...
[Info   :MoreCompany] Loaded MoreCompany FULLY
[Info   :   BepInEx] Loading [MoreEmotes-Sligili 1.2.2]
[Info   :MoreEmotes-Sligili] MoreEmotes loaded
[Info   :   BepInEx] Loading [Helmet_Cameras 2.1.5]
[Info   :Helmet_Cameras] Plugin Helmet_Cameras is loaded with version 2.1.5!
[Info   :Helmet_Cameras] --------Helmet camera patch done.---------
[Info   :   BepInEx] Loading [Skinwalker Mod 1.0.8]
[Info   :RugbugRedfern.SkinwalkerMod] SKINWALKER MOD STARTING UP 1.0.8
[Info   :RugbugRedfern.SkinwalkerMod] VoiceEnabled_BaboonHawk VALUE LOADED FROM CONFIG: [True]
[Info   :RugbugRedfern.SkinwalkerMod] VoiceEnabled_Bracken VALUE LOADED FROM CONFIG: [True]
[Info   :RugbugRedfern.SkinwalkerMod] VoiceEnabled_BunkerSpider VALUE LOADED FROM CONFIG: [True]
[Info   :RugbugRedfern.SkinwalkerMod] VoiceEnabled_Centipede VALUE LOADED FROM CONFIG: [True]
[Info   :RugbugRedfern.SkinwalkerMod] VoiceEnabled_CoilHead VALUE LOADED FROM CONFIG: [True]
[Info   :RugbugRedfern.SkinwalkerMod] VoiceEnabled_EyelessDog VALUE LOADED FROM CONFIG: [True]
[Info   :RugbugRedfern.SkinwalkerMod] VoiceEnabled_ForestGiant VALUE LOADED FROM CONFIG: [False]
[Info   :RugbugRedfern.SkinwalkerMod] VoiceEnabled_GhostGirl VALUE LOADED FROM CONFIG: [True]
[Info   :RugbugRedfern.SkinwalkerMod] VoiceEnabled_GiantWorm VALUE LOADED FROM CONFIG: [False]
[Info   :RugbugRedfern.SkinwalkerMod] VoiceEnabled_HoardingBug VALUE LOADED FROM CONFIG: [True]
[Info   :RugbugRedfern.SkinwalkerMod] VoiceEnabled_Hygrodere VALUE LOADED FROM CONFIG: [False]
[Info   :RugbugRedfern.SkinwalkerMod] VoiceEnabled_Jester VALUE LOADED FROM CONFIG: [True]
[Info   :RugbugRedfern.SkinwalkerMod] VoiceEnabled_Masked VALUE LOADED FROM CONFIG: [True]
[Info   :RugbugRedfern.SkinwalkerMod] VoiceEnabled_Nutcracker VALUE LOADED FROM CONFIG: [True]
[Info   :RugbugRedfern.SkinwalkerMod] VoiceEnabled_SporeLizard VALUE LOADED FROM CONFIG: [True]
[Info   :RugbugRedfern.SkinwalkerMod] VoiceEnabled_Thumper VALUE LOADED FROM CONFIG: [True]
[Info   :RugbugRedfern.SkinwalkerMod] VoiceLineFrequency VALUE LOADED FROM CONFIG: [1]
[Info   :RugbugRedfern.SkinwalkerMod] Skinwalker Mod Object Initialized
[Info   :   BepInEx] Loading [Late Company 1.0.6]
[Info   :Late Company] Late Company loaded!
[Info   :   BepInEx] Loading [More Suits 1.4.1]
[Info   :More Suits] Plugin More Suits is loaded!
[Message:   BepInEx] Chainloader startup complete
[Message:    LC_API] BundleAPI will now load all asset bundles...
[Message:    LC_API] BundleAPI got no assets to load from legacy directory
[Message:    LC_API] BundleAPI got 4 AssetBundles to load!
[Error  : Unity Log] The AssetBundle 'X:\Lethal Company\BepInEx\plugins\HDLethalCompany\hdlethalcompany' can't be loaded because another AssetBundle with the same files is already loaded.
[Error  :    LC_API] Failed to load an assetbundle! Path: X:\Lethal Company\BepInEx\plugins\HDLethalCompany\hdlethalcompany
[Error  : Unity Log] The AssetBundle 'X:\Lethal Company\BepInEx\plugins\LethalThings\lethalthings' can't be loaded because another AssetBundle with the same files is already loaded.
[Error  :    LC_API] Failed to load an assetbundle! Path: X:\Lethal Company\BepInEx\plugins\LethalThings\lethalthings
[Error  : Unity Log] The AssetBundle 'X:\Lethal Company\BepInEx\plugins\MoreEmotes\animationsbundle' can't be loaded because another AssetBundle with the same files is already loaded.
[Error  :    LC_API] Failed to load an assetbundle! Path: X:\Lethal Company\BepInEx\plugins\MoreEmotes\animationsbundle
[Error  : Unity Log] The AssetBundle 'X:\Lethal Company\BepInEx\plugins\MoreEmotes\animatorbundle' can't be loaded because another AssetBundle with the same files is already loaded.
[Error  :    LC_API] Failed to load an assetbundle! Path: X:\Lethal Company\BepInEx\plugins\MoreEmotes\animatorbundle
[Message:    LC_API] BundleAPI finished loading all assets.
[Message:    LC_API] BundleAPI finished loading all assets.
[Info   :    LC_API] LC_API Started!
[Info   : Unity Log] Changing gamma
[Info   : Unity Log] override float value: 0
[Info   : Unity Log] Overriding float
[Info   : Unity Log] Gamma changed
[Info   : Unity Log] Set gamma to new value: 0; (0.00, 0.00, 0.00, 0.00) (True)
[Info   : Unity Log] Saving changed settings
[Info   : Unity Log] Changing gamma
[Info   : Unity Log] override float value: 0
[Info   : Unity Log] Overriding float
[Info   : Unity Log] Gamma changed
[Info   : Unity Log] Set gamma to new value: 0; (0.00, 0.00, 0.00, 0.00) (True)
[Info   : Unity Log] subcribing to steam callbacks
[Info   : Unity Log] Changing gamma
[Info   : Unity Log] override float value: 0
[Info   : Unity Log] Overriding float
[Info   : Unity Log] Gamma changed
[Info   : Unity Log] Set gamma to new value: 0; (0.00, 0.00, 0.00, 0.00) (True)
[Error  : Unity Log] NullReferenceException: Object reference not set to an instance of an object
Stack trace:
MoreEmotes.Patch.EmotePatch.MenuStart (MenuManager __instance) (at <f5da28d14d8446a1a30ddc07194617c6>:IL_0051)
(wrapper dynamic-method) MenuManager.DMD<MenuManager::Start>(MenuManager)

[Info   :RugbugRedfern.SkinwalkerMod] Audio folder not present. Don't worry about it, it will be created automatically when you play with friends. (X:/Lethal Company/Lethal Company_Data\..\Dissonance_Diagnostics)
[Info   : Unity Log] [FacepunchTransport] - Initialized access to Steam Relay Network.
[Info   : Unity Log] [FacepunchTransport] - Fetched user Steam ID.
[Info   : Unity Log] Set version num
[Info   : Unity Log] Changing gamma
[Info   : Unity Log] override float value: 0
[Info   : Unity Log] Overriding float
[Info   : Unity Log] Gamma changed
[Info   : Unity Log] Set gamma to new value: 0; (0.00, 0.00, 0.00, 0.00) (True)
[Info   : Unity Log] host button pressed
[Info   :RugbugRedfern.SkinwalkerMod] Audio folder not present. Don't worry about it, it will be created automatically when you play with friends. (X:/Lethal Company/Lethal Company_Data\..\Dissonance_Diagnostics)
[Info   : Unity Log] Displaying menu message
[Info   : Unity Log] [Netcode] StartHost
[Info   : Unity Log] [Netcode] Initialize
[Info   : Unity Log] [FacepunchTransport] - Starting as server.
[Info   : Unity Log] Connection approval callback! Game version of client request: 
[Info   : Unity Log] Joining client id: 0; Local/host client id: 0
[Info   : Unity Log] Stopped connection approval callback, as the client in question was the host!
[Warning: Unity Log] [Netcode] You cannot decline the host connection. The connection was automatically approved.
[Info   : Unity Log] started host!
[Info   : Unity Log] are we in a server?: True
[Message:    LC_API] server pre-setup success
[Info   : Unity Log] Lobby has been created
[Info   : LethalLib] Adding 5 items to terminal
[Info   : LethalLib] LethalThings registered item: Rocket Launcher
[Info   : LethalLib] LethalThings registered item: Toy Hammer
[Info   : LethalLib] LethalThings registered item: Remote Radar
[Info   : LethalLib] LethalThings registered item: Utility Belt
[Info   : LethalLib] LethalThings registered item: Hacking Tool
[Info   : LethalLib] Added Boomba to ExperimentationLevel with SpawnType [Default]
[Info   : LethalLib] Added Boomba to AssuranceLevel with SpawnType [Default]
[Info   : LethalLib] Added Boomba to VowLevel with SpawnType [Default]
[Info   : LethalLib] Added Boomba to MarchLevel with SpawnType [Default]
[Info   : LethalLib] Added Boomba to RendLevel with SpawnType [Default]
[Info   : LethalLib] Added Boomba to DineLevel with SpawnType [Default]
[Info   : LethalLib] Added Boomba to OffenseLevel with SpawnType [Default]
[Info   : LethalLib] Added Boomba to TitanLevel with SpawnType [Default]
[Info   : LethalLib] LethalThings registered item: Arson Plush
[Info   : LethalLib] LethalThings registered item: Cookie Fumo
[Info   : LethalLib] LethalThings registered item: Toimari Plush
[Info   : LethalLib] LethalThings registered item: Hämis Plush
[Info   : LethalLib] LethalThings registered item: Dirty Arson Plush
[Info   : LethalLib] LethalThings registered item: Maxwell
[Info   : LethalLib] LethalThings registered item: Glizzy
[Info   : LethalLib] LethalThings registered item: Rocket Launcher
[Info   : LethalLib] LethalThings registered item: Toy Hammer
[Info   : LethalLib] LethalThings registered item: Remote Radar
[Info   : LethalLib] LethalThings registered item: Utility Belt
[Info   : LethalLib] LethalThings registered item: Hacking Tool
[Info   : LethalLib] Adding 3 unlockables to unlockables list
[Info   : LethalLib] Added TeleporterTrap to ExperimentationLevel
[Info   : LethalLib] Added TeleporterTrap to AssuranceLevel
[Info   : LethalLib] Added TeleporterTrap to VowLevel
[Info   : LethalLib] Added TeleporterTrap to MarchLevel
[Info   : LethalLib] Added TeleporterTrap to RendLevel
[Info   : LethalLib] Added TeleporterTrap to DineLevel
[Info   : LethalLib] Added TeleporterTrap to OffenseLevel
[Info   : LethalLib] Added TeleporterTrap to TitanLevel
[Info   : Unity Log] Enabling connection callbacks in StartOfRound
[Info   : Unity Log] Began listening to SceneManager_OnLoadComplete1 on this client
[Warning: Unity Log] NetworkVariable is written to, but doesn't know its NetworkBehaviour yet. Are you modifying a NetworkVariable before the NetworkObject is spawned?
[Warning: Unity Log] NetworkVariable is written to, but doesn't know its NetworkBehaviour yet. Are you modifying a NetworkVariable before the NetworkObject is spawned?
[Warning: Unity Log] NetworkVariable is written to, but doesn't know its NetworkBehaviour yet. Are you modifying a NetworkVariable before the NetworkObject is spawned?
[Info   :RugbugRedfern.SkinwalkerMod] HOST SENDING CONFIG TO CLIENTS
[Info   :RugbugRedfern.SkinwalkerMod] SkinwalkerNetworkManager Awake
[Info   : Unity Log] Initialized SkinwalkerNetworkManager
[Info   : Unity Log] Changing gamma
[Info   : Unity Log] override float value: 0
[Info   : Unity Log] Overriding float
[Info   : Unity Log] Gamma changed
[Info   : Unity Log] Set gamma to new value: 0; (0.00, 0.00, 0.00, 0.00) (True)
[Warning: Unity Log] damageTrigger is disabled! Netcode for GameObjects does not support spawning disabled NetworkBehaviours! The InteractTrigger component was skipped during spawn!
[Warning: Unity Log] The referenced script (SelectionWheel) on this Behaviour is missing!
[Warning: Unity Log] The referenced script on this Behaviour (Game Object 'MoreEmotesMenu') is missing!
[Warning: Unity Log] The referenced script on this Behaviour (Game Object '<null>') is missing!
[Warning: Unity Log] The referenced script (SelectionWheel) on this Behaviour is missing!
[Warning: Unity Log] The referenced script on this Behaviour (Game Object 'MoreEmotesMenu') is missing!
[Warning: Unity Log] The referenced script on this Behaviour (Game Object '<null>') is missing!
[Warning: Unity Log] The referenced script (SelectionWheel) on this Behaviour is missing!
[Warning: Unity Log] The referenced script on this Behaviour (Game Object 'MoreEmotesMenu') is missing!
[Warning: Unity Log] The referenced script on this Behaviour (Game Object '<null>') is missing!
[Warning: Unity Log] The referenced script (SelectionWheel) on this Behaviour is missing!
[Warning: Unity Log] The referenced script on this Behaviour (Game Object 'MoreEmotesMenu') is missing!
[Warning: Unity Log] The referenced script on this Behaviour (Game Object '<null>') is missing!
[Warning: Unity Log] The referenced script (SelectionWheel) on this Behaviour is missing!
[Warning: Unity Log] The referenced script on this Behaviour (Game Object 'MoreEmotesMenu') is missing!
[Info   : LethalLib] Adding 3 items to terminal
[Info   : LethalLib] LethalThings registered item: Small Rug
[Info   : LethalLib] LethalThings registered item: Large Rug
[Info   : LethalLib] LethalThings registered item: Fatalities Sign
[Info   : Unity Log] Item sales percentages #0: 0
[Info   : Unity Log] Item sales percentages #1: 0
[Info   : Unity Log] Item sales percentages #2: 0
[Info   : Unity Log] Item sales percentages #3: 0
[Info   : Unity Log] Item sales percentages #4: 0
[Info   : Unity Log] Item sales percentages #5: 0
[Info   : Unity Log] Item sales percentages #6: 0
[Info   : Unity Log] Item sales percentages #7: 0
[Info   : Unity Log] Item sales percentages #8: 0
[Info   : Unity Log] Item sales percentages #9: 0
[Info   : Unity Log] Item sales percentages #10: 0
[Info   : Unity Log] Item sales percentages #11: 0
[Info   : Unity Log] Item sales percentages #12: 0
[Info   : Unity Log] Item sales percentages #13: 0
[Info   : Unity Log] Item sales percentages #14: 0
[Info   : Unity Log] Item sales percentages #15: 0
[Info   : Unity Log] Item sales percentages #16: 0
[Info   : Unity Log] Item sales percentages #17: 0
[Info   : Unity Log] Group credits: 60
[Info   : Unity Log] # powered lights: 0
[Info   : LethalLib] Added custom dungeons to levels
[Info   :ACS.AdditionalSuits] AdditionalSuits - attempting to parse json file: X:\Lethal Company\BepInEx\plugins\resAdditionalSuits\suit-defs.json
[Info   :ACS.AdditionalSuits] AdditionalSuits - converting json file to manifest...
[Info   :ACS.AdditionalSuits] AdditionalSuits - loading item defs from manifest, 8 items were found...
[Info   :ACS.AdditionalSuits] AdditionalSuits - processing custom suit {id=0_Red_Suit, name=Red Suit}...
[Info   :ACS.AdditionalSuits] AdditionalSuits - added custom suit {id=0_Red_Suit, name=Red Suit}!
[Info   :ACS.AdditionalSuits] AdditionalSuits - processing custom suit {id=1_Yellow_Suit, name=Yellow Suit}...
[Info   :ACS.AdditionalSuits] AdditionalSuits - added custom suit {id=1_Yellow_Suit, name=Yellow Suit}!
[Info   :ACS.AdditionalSuits] AdditionalSuits - processing custom suit {id=2_Green_Suit, name=Green Suit}...
[Info   :ACS.AdditionalSuits] AdditionalSuits - added custom suit {id=2_Green_Suit, name=Green Suit}!
[Info   :ACS.AdditionalSuits] AdditionalSuits - processing custom suit {id=3_Blue_Suit, name=Blue Suit}...
[Info   :ACS.AdditionalSuits] AdditionalSuits - added custom suit {id=3_Blue_Suit, name=Blue Suit}!
[Info   :ACS.AdditionalSuits] AdditionalSuits - processing custom suit {id=4_Purple_Suit, name=Purple Suit}...
[Info   :ACS.AdditionalSuits] AdditionalSuits - added custom suit {id=4_Purple_Suit, name=Purple Suit}!
[Info   :ACS.AdditionalSuits] AdditionalSuits - processing custom suit {id=5_Pink_Suit, name=Pink Suit}...
[Info   :ACS.AdditionalSuits] AdditionalSuits - added custom suit {id=5_Pink_Suit, name=Pink Suit}!
[Info   :ACS.AdditionalSuits] AdditionalSuits - processing custom suit {id=6_White_Suit, name=White Suit}...
[Info   :ACS.AdditionalSuits] AdditionalSuits - added custom suit {id=6_White_Suit, name=White Suit}!
[Info   :ACS.AdditionalSuits] AdditionalSuits - processing custom suit {id=7_Black_Suit, name=Black Suit}...
[Info   :ACS.AdditionalSuits] AdditionalSuits - added custom suit {id=7_Black_Suit, name=Black Suit}!
[Info   :ACS.AdditionalSuits] AdditionalSuits - loaded item defs from json file!
[Info   : Unity Log] level id: 0
[Info   : Unity Log] Changing level
[Info   : Unity Log] Placing scene object at saved position: Cupboard
[Info   : Unity Log] Loading placed object position as: (-0.16, 1.64, -12.98)
[Info   : Unity Log] Saving placed position as: (-0.16, 1.64, -12.98)
[Warning: Unity Log] NetworkVariable is written to, but doesn't know its NetworkBehaviour yet. Are you modifying a NetworkVariable before the NetworkObject is spawned?
[Warning: Unity Log] NetworkVariable is written to, but doesn't know its NetworkBehaviour yet. Are you modifying a NetworkVariable before the NetworkObject is spawned?
[Warning: Unity Log] NetworkVariable is written to, but doesn't know its NetworkBehaviour yet. Are you modifying a NetworkVariable before the NetworkObject is spawned?
[Warning: Unity Log] NetworkVariable is written to, but doesn't know its NetworkBehaviour yet. Are you modifying a NetworkVariable before the NetworkObject is spawned?
[Warning: Unity Log] NetworkVariable is written to, but doesn't know its NetworkBehaviour yet. Are you modifying a NetworkVariable before the NetworkObject is spawned?
[Warning: Unity Log] NetworkVariable is written to, but doesn't know its NetworkBehaviour yet. Are you modifying a NetworkVariable before the NetworkObject is spawned?
[Warning: Unity Log] NetworkVariable is written to, but doesn't know its NetworkBehaviour yet. Are you modifying a NetworkVariable before the NetworkObject is spawned?
[Warning: Unity Log] NetworkVariable is written to, but doesn't know its NetworkBehaviour yet. Are you modifying a NetworkVariable before the NetworkObject is spawned?
[Warning: Unity Log] NetworkVariable is written to, but doesn't know its NetworkBehaviour yet. Are you modifying a NetworkVariable before the NetworkObject is spawned?
[Warning: Unity Log] NetworkVariable is written to, but doesn't know its NetworkBehaviour yet. Are you modifying a NetworkVariable before the NetworkObject is spawned?
[Warning: Unity Log] NetworkVariable is written to, but doesn't know its NetworkBehaviour yet. Are you modifying a NetworkVariable before the NetworkObject is spawned?
[Warning: Unity Log] NetworkVariable is written to, but doesn't know its NetworkBehaviour yet. Are you modifying a NetworkVariable before the NetworkObject is spawned?
[Warning: Unity Log] NetworkVariable is written to, but doesn't know its NetworkBehaviour yet. Are you modifying a NetworkVariable before the NetworkObject is spawned?
[Warning: Unity Log] NetworkVariable is written to, but doesn't know its NetworkBehaviour yet. Are you modifying a NetworkVariable before the NetworkObject is spawned?
[Warning: Unity Log] NetworkVariable is written to, but doesn't know its NetworkBehaviour yet. Are you modifying a NetworkVariable before the NetworkObject is spawned?
[Warning: Unity Log] NetworkVariable is written to, but doesn't know its NetworkBehaviour yet. Are you modifying a NetworkVariable before the NetworkObject is spawned?
[Warning: Unity Log] NetworkVariable is written to, but doesn't know its NetworkBehaviour yet. Are you modifying a NetworkVariable before the NetworkObject is spawned?
[Warning: Unity Log] NetworkVariable is written to, but doesn't know its NetworkBehaviour yet. Are you modifying a NetworkVariable before the NetworkObject is spawned?
[Info   : Unity Log] Key 'shipGrabbableItems' does not exist
[Info   :ReservedItemSlotCore] Adding 3 Reserved Item slots to the inventory HUD. Previous inventory HUD size: 4
[Info   :ReservedItemSlotCore] Adding Reserved Item slot for item types [Pro-flashlight]. Inventory index: 4
[Info   :ReservedItemSlotCore] Adding Reserved Item slot for item types [Walkie-talkie]. Inventory index: 5
[Warning: Unity Log] Parent of RectTransform is being set with parent property. Consider using the SetParent method instead, with the worldPositionStays argument set to false. This will retain local orientation and scale rather than world orientation and scale, which can prevent common UI scaling issues.
[Info   :ReservedItemSlotCore] Finished adding 2 Reserved Item slots in the inventory HUD.
[Warning: Unity Log] The referenced script on this Behaviour (Game Object '<null>') is missing!
[Warning: Unity Log] The referenced script (SelectionWheel) on this Behaviour is missing!
[Warning: Unity Log] The referenced script on this Behaviour (Game Object 'MoreEmotesMenu') is missing!
[Warning: Unity Log] The referenced script on this Behaviour (Game Object '<null>') is missing!
[Warning: Unity Log] The referenced script (SelectionWheel) on this Behaviour is missing!
[Warning: Unity Log] The referenced script on this Behaviour (Game Object 'MoreEmotesMenu') is missing!
[Warning: Unity Log] The referenced script on this Behaviour (Game Object '<null>') is missing!
[Warning: Unity Log] The referenced script (SelectionWheel) on this Behaviour is missing!
[Warning: Unity Log] The referenced script on this Behaviour (Game Object 'MoreEmotesMenu') is missing!
[Warning: Unity Log] The referenced script on this Behaviour (Game Object '<null>') is missing!
[Warning: Unity Log] The referenced script (SelectionWheel) on this Behaviour is missing!
[Warning: Unity Log] The referenced script on this Behaviour (Game Object 'MoreEmotesMenu') is missing!
[Warning: Unity Log] The referenced script on this Behaviour (Game Object '<null>') is missing!
[Warning: Unity Log] The referenced script (SelectionWheel) on this Behaviour is missing!
[Warning: Unity Log] The referenced script on this Behaviour (Game Object 'MoreEmotesMenu') is missing!
[Warning: Unity Log] The referenced script on this Behaviour (Game Object '<null>') is missing!
[Warning: Unity Log] The referenced script (SelectionWheel) on this Behaviour is missing!
[Warning: Unity Log] The referenced script on this Behaviour (Game Object 'MoreEmotesMenu') is missing!
[Warning: Unity Log] The referenced script on this Behaviour (Game Object '<null>') is missing!
[Warning: Unity Log] The referenced script (SelectionWheel) on this Behaviour is missing!
[Warning: Unity Log] The referenced script on this Behaviour (Game Object 'MoreEmotesMenu') is missing!
[Warning: Unity Log] The referenced script on this Behaviour (Game Object '<null>') is missing!
[Warning: Unity Log] The referenced script (SelectionWheel) on this Behaviour is missing!
[Warning: Unity Log] The referenced script on this Behaviour (Game Object 'MoreEmotesMenu') is missing!
[Warning: Unity Log] The referenced script on this Behaviour (Game Object '<null>') is missing!
[Warning: Unity Log] The referenced script (SelectionWheel) on this Behaviour is missing!
[Warning: Unity Log] The referenced script on this Behaviour (Game Object 'MoreEmotesMenu') is missing!
[Warning: Unity Log] The referenced script on this Behaviour (Game Object '<null>') is missing!
[Warning: Unity Log] The referenced script (SelectionWheel) on this Behaviour is missing!
[Warning: Unity Log] The referenced script on this Behaviour (Game Object 'MoreEmotesMenu') is missing!
[Warning: Unity Log] The referenced script on this Behaviour (Game Object '<null>') is missing!
[Warning: Unity Log] The referenced script (SelectionWheel) on this Behaviour is missing!
[Warning: Unity Log] The referenced script on this Behaviour (Game Object 'MoreEmotesMenu') is missing!
[Warning: Unity Log] The referenced script on this Behaviour (Game Object '<null>') is missing!
[Warning: Unity Log] The referenced script (SelectionWheel) on this Behaviour is missing!
[Warning: Unity Log] The referenced script on this Behaviour (Game Object 'MoreEmotesMenu') is missing!
[Warning: Unity Log] The referenced script on this Behaviour (Game Object '<null>') is missing!
[Warning: Unity Log] The referenced script (SelectionWheel) on this Behaviour is missing!
[Warning: Unity Log] The referenced script on this Behaviour (Game Object 'MoreEmotesMenu') is missing!
[Warning: Unity Log] The referenced script on this Behaviour (Game Object '<null>') is missing!
[Warning: Unity Log] The referenced script (SelectionWheel) on this Behaviour is missing!
[Warning: Unity Log] The referenced script on this Behaviour (Game Object 'MoreEmotesMenu') is missing!
[Warning: Unity Log] The referenced script on this Behaviour (Game Object '<null>') is missing!
[Warning: Unity Log] The referenced script (SelectionWheel) on this Behaviour is missing!
[Warning: Unity Log] The referenced script on this Behaviour (Game Object 'MoreEmotesMenu') is missing!
[Warning: Unity Log] The referenced script on this Behaviour (Game Object '<null>') is missing!
[Warning: Unity Log] The referenced script (SelectionWheel) on this Behaviour is missing!
[Warning: Unity Log] The referenced script on this Behaviour (Game Object 'MoreEmotesMenu') is missing!
[Warning: Unity Log] The referenced script on this Behaviour (Game Object '<null>') is missing!
[Warning: Unity Log] The referenced script (SelectionWheel) on this Behaviour is missing!
[Warning: Unity Log] The referenced script on this Behaviour (Game Object 'MoreEmotesMenu') is missing!
[Warning: Unity Log] The referenced script on this Behaviour (Game Object '<null>') is missing!
[Warning: Unity Log] The referenced script (SelectionWheel) on this Behaviour is missing!
[Warning: Unity Log] The referenced script on this Behaviour (Game Object 'MoreEmotesMenu') is missing!
[Warning: Unity Log] The referenced script on this Behaviour (Game Object '<null>') is missing!
[Warning: Unity Log] The referenced script (SelectionWheel) on this Behaviour is missing!
[Warning: Unity Log] The referenced script on this Behaviour (Game Object 'MoreEmotesMenu') is missing!
[Warning: Unity Log] The referenced script on this Behaviour (Game Object '<null>') is missing!
[Warning: Unity Log] The referenced script (SelectionWheel) on this Behaviour is missing!
[Warning: Unity Log] The referenced script on this Behaviour (Game Object 'MoreEmotesMenu') is missing!
[Warning: Unity Log] The referenced script on this Behaviour (Game Object '<null>') is missing!
[Warning: Unity Log] The referenced script (SelectionWheel) on this Behaviour is missing!
[Warning: Unity Log] The referenced script on this Behaviour (Game Object 'MoreEmotesMenu') is missing!
[Warning: Unity Log] The referenced script on this Behaviour (Game Object '<null>') is missing!
[Warning: Unity Log] The referenced script (SelectionWheel) on this Behaviour is missing!
[Warning: Unity Log] The referenced script on this Behaviour (Game Object 'MoreEmotesMenu') is missing!
[Warning: Unity Log] The referenced script on this Behaviour (Game Object '<null>') is missing!
[Warning: Unity Log] The referenced script (SelectionWheel) on this Behaviour is missing!
[Warning: Unity Log] The referenced script on this Behaviour (Game Object 'MoreEmotesMenu') is missing!
[Warning: Unity Log] The referenced script on this Behaviour (Game Object '<null>') is missing!
[Warning: Unity Log] The referenced script (SelectionWheel) on this Behaviour is missing!
[Warning: Unity Log] The referenced script on this Behaviour (Game Object 'MoreEmotesMenu') is missing!
[Warning: Unity Log] The referenced script on this Behaviour (Game Object '<null>') is missing!
[Warning: Unity Log] The referenced script (SelectionWheel) on this Behaviour is missing!
[Warning: Unity Log] The referenced script on this Behaviour (Game Object 'MoreEmotesMenu') is missing!
[Warning: Unity Log] The referenced script on this Behaviour (Game Object '<null>') is missing!
[Warning: Unity Log] The referenced script (SelectionWheel) on this Behaviour is missing!
[Warning: Unity Log] The referenced script on this Behaviour (Game Object 'MoreEmotesMenu') is missing!
[Warning: Unity Log] The referenced script on this Behaviour (Game Object '<null>') is missing!
[Warning: Unity Log] The referenced script (SelectionWheel) on this Behaviour is missing!
[Warning: Unity Log] The referenced script on this Behaviour (Game Object 'MoreEmotesMenu') is missing!
[Warning: Unity Log] The referenced script on this Behaviour (Game Object '<null>') is missing!
[Warning: Unity Log] The referenced script (SelectionWheel) on this Behaviour is missing!
[Warning: Unity Log] The referenced script on this Behaviour (Game Object 'MoreEmotesMenu') is missing!
[Warning: Unity Log] BoxColliders does not support negative scale or size.
The effective box size has been forced positive and is likely to give unexpected collision geometry.
If you absolutely need to use negative scaling you can use the convex MeshCollider. Scene hierarchy path "Environment/HangarShip/LightSwitchContainer/PlacementCollider"
[Warning: Unity Log] BoxColliders does not support negative scale or size.
The effective box size has been forced positive and is likely to give unexpected collision geometry.
If you absolutely need to use negative scaling you can use the convex MeshCollider. Scene hierarchy path "Environment/HangarShip/Cube"
[Warning: Unity Log] BoxColliders does not support negative scale or size.
The effective box size has been forced positive and is likely to give unexpected collision geometry.
If you absolutely need to use negative scaling you can use the convex MeshCollider. Scene hierarchy path "Environment/HangarShip/AnimatedShipDoor/HangarDoorLeft (1)"
[Warning: Unity Log] BoxColliders does not support negative scale or size.
The effective box size has been forced positive and is likely to give unexpected collision geometry.
If you absolutely need to use negative scaling you can use the convex MeshCollider. Scene hierarchy path "Environment/HangarShip/ShipBottomColliders/Cube (1)"
[Warning: Unity Log] BoxColliders does not support negative scale or size.
The effective box size has been forced positive and is likely to give unexpected collision geometry.
If you absolutely need to use negative scaling you can use the convex MeshCollider. Scene hierarchy path "Environment/HangarShip/ControlDesk.001"
[Warning: Unity Log] BoxColliders does not support negative scale or size.
The effective box size has been forced positive and is likely to give unexpected collision geometry.
If you absolutely need to use negative scaling you can use the convex MeshCollider. Scene hierarchy path "Environment/HangarShip/ShipBottomColliders/Cube (3)"
[Warning: Unity Log] BoxColliders does not support negative scale or size.
The effective box size has been forced positive and is likely to give unexpected collision geometry.
If you absolutely need to use negative scaling you can use the convex MeshCollider. Scene hierarchy path "Environment/HangarShip/ShipBottomColliders/Cube (7)"
[Warning: Unity Log] BoxColliders does not support negative scale or size.
The effective box size has been forced positive and is likely to give unexpected collision geometry.
If you absolutely need to use negative scaling you can use the convex MeshCollider. Scene hierarchy path "Environment/HangarShip/StorageCloset/Cube.000/Cube"
[Warning: Unity Log] BoxColliders does not support negative scale or size.
The effective box size has been forced positive and is likely to give unexpected collision geometry.
If you absolutely need to use negative scaling you can use the convex MeshCollider. Scene hierarchy path "Environment/HangarShip/ShipBottomColliders/Cube (6)"
[Warning: Unity Log] BoxColliders does not support negative scale or size.
The effective box size has been forced positive and is likely to give unexpected collision geometry.
If you absolutely need to use negative scaling you can use the convex MeshCollider. Scene hierarchy path "Environment/HangarShip/ShipBottomColliders/Cube (8)"
[Warning: Unity Log] BoxColliders does not support negative scale or size.
The effective box size has been forced positive and is likely to give unexpected collision geometry.
If you absolutely need to use negative scaling you can use the convex MeshCollider. Scene hierarchy path "Environment/HangarShip/ShipBottomColliders/Cube (5)"
[Warning: Unity Log] BoxColliders does not support negative scale or size.
The effective box size has been forced positive and is likely to give unexpected collision geometry.
If you absolutely need to use negative scaling you can use the convex MeshCollider. Scene hierarchy path "Environment/HangarShip/ShipBottomColliders/Cube (4)"
[Info   : Unity Log] [HELMET_CAMERAS] Starting coroutine...
[Info   : Unity Log] [HELMET_CAMERAS] 5 seconds for init mode... Please wait...
[Info   : Unity Log] Started spectating
[Info   : Unity Log] Started spectating
[Info   : Unity Log] Started spectating
[Info   : Unity Log] Started spectating
[Info   : Unity Log] Started spectating
[Info   : Unity Log] Started spectating
[Info   : Unity Log] Started spectating
[Info   : Unity Log] Started spectating
[Info   : Unity Log] Started spectating
[Info   : Unity Log] Started spectating
[Info   : Unity Log] Started spectating
[Info   : Unity Log] Started spectating
[Info   : Unity Log] Started spectating
[Info   : Unity Log] Started spectating
[Info   : Unity Log] Started spectating
[Info   : Unity Log] Started spectating
[Info   : Unity Log] Started spectating
[Info   : Unity Log] Started spectating
[Info   : Unity Log] Started spectating
[Info   : Unity Log] Started spectating
[Info   : Unity Log] Started spectating
[Info   : Unity Log] Started spectating
[Info   : Unity Log] Started spectating
[Info   : Unity Log] Started spectating
[Info   : Unity Log] Started spectating
[Info   : Unity Log] Started spectating
[Info   : Unity Log] Started spectating
[Info   : Unity Log] Started spectating
[Info   : Unity Log] Started spectating
[Info   : Unity Log] Started spectating
[Info   : Unity Log] Started spectating
[Info   : Unity Log] Started spectating
[Warning: Unity Log] [Netcode] Setting ownership twice? Client-ID 0 already owns NetworkObject ID 19!
[Info   : Unity Log] soumdmanager: True; False
[Info   : Unity Log] Taking control of player Player and enabling camera!
[Info   : Unity Log] Starting voice tracking for player: Homebutcher
[Info   : Unity Log] !!!! ENABLING CAMERA FOR PLAYER: Player
[Info   : Unity Log] !!!! connectedPlayersAmount: 0
[Info   : Unity Log] Has beta?: {hasBeta}
[Info   : Unity Log] Has beta save data: True
[Warning: Unity Log] [Dissonance:Recording] (15:25:50.557) CapturePipelineManager: Detected a frame skip, forcing capture pipeline reset (Delta Time:0,2865502)
[Warning:    LC_API] Asking all other players for their mod list..
[Info   :RugbugRedfern.SkinwalkerMod] Audio folder not present. Don't worry about it, it will be created automatically when you play with friends. (X:/Lethal Company/Lethal Company_Data\..\Dissonance_Diagnostics)
[Info   : Unity Log] [HELMET_CAMERAS] Ship camera founded...
[Info   : Unity Log] [HELMET_CAMERAS] Monitors were changed...
[Info   : Unity Log] [HELMET_CAMERAS] Turning off vanilla internal ship camera
[Info   :RugbugRedfern.SkinwalkerMod] Audio folder not present. Don't worry about it, it will be created automatically when you play with friends. (X:/Lethal Company/Lethal Company_Data\..\Dissonance_Diagnostics)
[Info   :RugbugRedfern.SkinwalkerMod] Audio folder not present. Don't worry about it, it will be created automatically when you play with friends. (X:/Lethal Company/Lethal Company_Data\..\Dissonance_Diagnostics)
[Info   : Unity Log] PLAYER OPENED MENU
[Info   : Unity Log] In terminal menu: False
[Info   :RugbugRedfern.SkinwalkerMod] Audio folder not present. Don't worry about it, it will be created automatically when you play with friends. (X:/Lethal Company/Lethal Company_Data\..\Dissonance_Diagnostics)
[Info   : Unity Log] Leaving current lobby
[Info   : Unity Log] Disconnecting and setting networkobjects to destroy with owner
[Info   : Unity Log] Got no ship grabbable items to save.
[Info   : Unity Log] Shutting down and disconnecting from server. Is host?: True
[Info   : Unity Log] [Netcode] Shutdown
[Warning: Unity Log] [Dissonance:Recording] (15:26:17.781) BasePreprocessingPipeline: Lost 960 samples in the preprocessor (buffer full), injecting silence to compensate
[Info   : Unity Log] [Netcode] ShutdownInternal
[Info   : Unity Log] [FacepunchTransport] - Shutting down.
[Info   : Unity Log] [Netcode] NetworkConnectionManager.Shutdown() -> IsListening && NetworkTransport != null -> NetworkTransport.Shutdown()
[Info   : Unity Log] Resetting unlockables list!
[Info   : Unity Log] Scene manager is null
[Warning: Unity Log] [Netcode] NetworkBehaviour-Player (26) is being destroyed while NetworkObject-Player (26) is still spawned! (could break state synchronization)
[Warning: Unity Log] [Netcode] NetworkBehaviour-Player (14) is being destroyed while NetworkObject-Player (14) is still spawned! (could break state synchronization)
[Warning: Unity Log] [Netcode] NetworkBehaviour-Player (17) is being destroyed while NetworkObject-Player (17) is still spawned! (could break state synchronization)
[Warning: Unity Log] [Netcode] NetworkBehaviour-Player (6) is being destroyed while NetworkObject-Player (6) is still spawned! (could break state synchronization)
[Warning: Unity Log] [Netcode] NetworkBehaviour-Player (31) is being destroyed while NetworkObject-Player (31) is still spawned! (could break state synchronization)
[Warning: Unity Log] [Netcode] NetworkBehaviour-Player (30) is being destroyed while NetworkObject-Player (30) is still spawned! (could break state synchronization)
[Warning: Unity Log] [Netcode] NetworkBehaviour-Player (22) is being destroyed while NetworkObject-Player (22) is still spawned! (could break state synchronization)
[Warning: Unity Log] [Netcode] NetworkBehaviour-Player (13) is being destroyed while NetworkObject-Player (13) is still spawned! (could break state synchronization)
[Warning: Unity Log] [Netcode] NetworkBehaviour-Player (7) is being destroyed while NetworkObject-Player (7) is still spawned! (could break state synchronization)
[Warning: Unity Log] [Netcode] NetworkBehaviour-Player (28) is being destroyed while NetworkObject-Player (28) is still spawned! (could break state synchronization)
[Warning: Unity Log] [Netcode] NetworkBehaviour-Player (25) is being destroyed while NetworkObject-Player (25) is still spawned! (could break state synchronization)
[Warning: Unity Log] [Netcode] NetworkBehaviour-Player (11) is being destroyed while NetworkObject-Player (11) is still spawned! (could break state synchronization)
[Warning: Unity Log] [Netcode] NetworkBehaviour-Player (10) is being destroyed while NetworkObject-Player (10) is still spawned! (could break state synchronization)
[Warning: Unity Log] [Netcode] NetworkBehaviour-Player (16) is being destroyed while NetworkObject-Player (16) is still spawned! (could break state synchronization)
[Info   : Unity Log] DISABLING connection callbacks in round manager
[Warning: Unity Log] [Netcode] NetworkBehaviour-Player (15) is being destroyed while NetworkObject-Player (15) is still spawned! (could break state synchronization)
[Warning: Unity Log] [Netcode] NetworkBehaviour-Player (12) is being destroyed while NetworkObject-Player (12) is still spawned! (could break state synchronization)
[Warning: Unity Log] [Netcode] NetworkBehaviour-Player (5) is being destroyed while NetworkObject-Player (5) is still spawned! (could break state synchronization)
[Warning: Unity Log] [Netcode] NetworkBehaviour-Player (18) is being destroyed while NetworkObject-Player (18) is still spawned! (could break state synchronization)
[Warning: Unity Log] [Netcode] NetworkBehaviour-Player (23) is being destroyed while NetworkObject-Player (23) is still spawned! (could break state synchronization)
[Warning: Unity Log] [Netcode] NetworkBehaviour-Player (24) is being destroyed while NetworkObject-Player (24) is still spawned! (could break state synchronization)
[Info   : Unity Log] Terminal disabled, disabling ESC key listener
[Warning: Unity Log] [Netcode] NetworkBehaviour-Player (1) is being destroyed while NetworkObject-Player (1) is still spawned! (could break state synchronization)
[Warning: Unity Log] [Netcode] NetworkBehaviour-Player (2) is being destroyed while NetworkObject-Player (2) is still spawned! (could break state synchronization)
[Warning: Unity Log] [Netcode] NetworkBehaviour-Player (3) is being destroyed while NetworkObject-Player (3) is still spawned! (could break state synchronization)
[Warning: Unity Log] [Netcode] NetworkBehaviour-Player (9) is being destroyed while NetworkObject-Player (9) is still spawned! (could break state synchronization)
[Warning: Unity Log] [Netcode] NetworkBehaviour-Player (20) is being destroyed while NetworkObject-Player (20) is still spawned! (could break state synchronization)
[Warning: Unity Log] [Netcode] NetworkBehaviour-Player (21) is being destroyed while NetworkObject-Player (21) is still spawned! (could break state synchronization)
[Warning: Unity Log] [Netcode] NetworkBehaviour-Player (27) is being destroyed while NetworkObject-Player (27) is still spawned! (could break state synchronization)
[Warning: Unity Log] [Netcode] NetworkBehaviour-Player (4) is being destroyed while NetworkObject-Player (4) is still spawned! (could break state synchronization)
[Info   :RugbugRedfern.SkinwalkerMod] SkinwalkerNetworkManager OnDestroy
[Warning: Unity Log] [Netcode] NetworkBehaviour-Player (29) is being destroyed while NetworkObject-Player (29) is still spawned! (could break state synchronization)
[Warning: Unity Log] [Netcode] NetworkBehaviour-Player (19) is being destroyed while NetworkObject-Player (19) is still spawned! (could break state synchronization)
[Warning: Unity Log] [Netcode] NetworkBehaviour-Player (8) is being destroyed while NetworkObject-Player (8) is still spawned! (could break state synchronization)
[Info   : Unity Log] Set version num
[Info   : Unity Log] Changing gamma
[Info   : Unity Log] override float value: 0
[Info   : Unity Log] Overriding float
[Info   : Unity Log] Gamma changed
[Info   : Unity Log] Set gamma to new value: 0; (0.00, 0.00, 0.00, 0.00) (True)
[Info   : Unity Log] [Netcode] ShutdownInternal
[Info   : Unity Log] Leaving current lobby
[Info   : Unity Log] Disconnecting and setting networkobjects to destroy with owner
[Info   : Unity Log] Server is not active; quitting to main menu
[Info   : Unity Log] Set version num
[Info   : Unity Log] Changing gamma
[Info   : Unity Log] override float value: 0
[Info   : Unity Log] Overriding float
[Info   : Unity Log] Gamma changed
[Info   : Unity Log] Set gamma to new value: 0; (0.00, 0.00, 0.00, 0.00) (True)
[Info   : Unity Log] unsubscribing from steam callbacks
